This file contains any messages produced by compilers while
running configure, to aid debugging if configure makes a mistake.

It was created by configure, which was
generated by GNU Autoconf 2.68.  Invocation command line was

  $ ./configure --prefix=/usr --enable-shared --disable-static

## --------- ##
## Platform. ##
## --------- ##

hostname = compile51
uname -m = i686
uname -r = 3.5.0-isptv
uname -s = Linux
uname -v = #1 SMP Sat Jan 7 17:25:32 PST 2012

/usr/bin/uname -p = unknown
/bin/uname -X     = 

/bin/arch              = unknown
/usr/bin/arch -k       = unknown
/usr/convex/getsysinfo = unknown
/usr/bin/hostinfo      = unknown
/bin/machine           = unknown
/usr/bin/oslevel       = unknown
/bin/universe          = unknown

PATH: /usr/bin
PATH: /bin
PATH: /usr/sbin
PATH: /sbin


## ----------- ##
## Core tests. ##
## ----------- ##

configure:2153: checking for a BSD-compatible install
configure:2221: result: /usr/bin/install -c
configure:2240: checking build system type
configure:2254: result: i686-pc-linux-gnu
configure:2274: checking host system type
configure:2287: result: i686-pc-linux-gnu
configure:2356: checking for gcc
configure:2383: result: gcc
configure:2612: checking for C compiler version
configure:2621: gcc --version >&5
gcc (GCC) 4.6.3
Copyright (C) 2011 Free Software Foundation, Inc.
This is free software; see the source for copying conditions.  There is NO
warranty; not even for MERCHANTABILITY or FITNESS FOR A PARTICULAR PURPOSE.

configure:2632: $? = 0
configure:2621: gcc -v >&5
Using built-in specs.
COLLECT_GCC=gcc
COLLECT_LTO_WRAPPER=/usr/libexec/gcc/i686-pc-linux-gnu/4.6.3/lto-wrapper
Target: i686-pc-linux-gnu
Configured with: ./configure --prefix=/usr --enable-static --enable-shared --with-gmp=//usr --with-mpfr=//usr --with-mpc=//usr --with-cloog=//usr --with-ppl=//usr --enable-cloog-backend=isl --enable-languages=c,c++,objc,obj-c++ --enable-threads --enable-libssp --enable-libmudflap --enable-libstdcxx-pch --enable-boehm-gc --enable-libgomp --disable-sjlj-exceptions --host=i686-pc-linux-gnu --target=i686-pc-linux-gnu --build=i686-pc-linux-gnu --disable-multilib --config-cache --cache-file=config.cache.used.for.build
Thread model: posix
gcc version 4.6.3 (GCC) 
configure:2632: $? = 0
configure:2621: gcc -V >&5
gcc: error: unrecognized option '-V'
gcc: fatal error: no input files
compilation terminated.
configure:2632: $? = 1
configure:2621: gcc -qversion >&5
gcc: error: unrecognized option '-qversion'
gcc: fatal error: no input files
compilation terminated.
configure:2632: $? = 1
configure:2652: checking whether the C compiler works
configure:2674: gcc    conftest.c  >&5
configure:2678: $? = 0
configure:2726: result: yes
configure:2729: checking for C compiler default output file name
configure:2731: result: a.out
configure:2737: checking for suffix of executables
configure:2744: gcc -o conftest    conftest.c  >&5
configure:2748: $? = 0
configure:2770: result: 
configure:2792: checking whether we are cross compiling
configure:2800: gcc -o conftest    conftest.c  >&5
configure:2804: $? = 0
configure:2811: ./conftest
configure:2815: $? = 0
configure:2830: result: no
configure:2835: checking for suffix of object files
configure:2857: gcc -c   conftest.c >&5
configure:2861: $? = 0
configure:2882: result: o
configure:2886: checking whether we are using the GNU C compiler
configure:2905: gcc -c   conftest.c >&5
configure:2905: $? = 0
configure:2914: result: yes
configure:2923: checking whether gcc accepts -g
configure:2943: gcc -c -g  conftest.c >&5
configure:2943: $? = 0
configure:2984: result: yes
configure:3001: checking for gcc option to accept ISO C89
configure:3065: gcc  -c -g -O2  conftest.c >&5
configure:3065: $? = 0
configure:3078: result: none needed
configure:3105: checking how to run the C preprocessor
configure:3175: result: cpp
configure:3195: cpp  conftest.c
configure:3195: $? = 0
configure:3209: cpp  conftest.c
conftest.c:9:28: fatal error: ac_nonexistent.h: No such file or directory
compilation terminated.
configure:3209: $? = 1
configure: failed program was:
| /* confdefs.h */
| #define PACKAGE_NAME ""
| #define PACKAGE_TARNAME ""
| #define PACKAGE_VERSION ""
| #define PACKAGE_STRING ""
| #define PACKAGE_BUGREPORT ""
| #define PACKAGE_URL ""
| /* end confdefs.h.  */
| #include <ac_nonexistent.h>
configure:3238: checking for grep that handles long lines and -e
configure:3296: result: /usr/bin/grep
configure:3301: checking for egrep
configure:3363: result: /usr/bin/grep -E
configure:3368: checking for ANSI C header files
configure:3388: gcc -c -g -O2  conftest.c >&5
configure:3388: $? = 0
configure:3461: gcc -o conftest -g -O2   conftest.c  >&5
configure:3461: $? = 0
configure:3461: ./conftest
configure:3461: $? = 0
configure:3472: result: yes
configure:3485: checking for sys/types.h
configure:3485: gcc -c -g -O2  conftest.c >&5
configure:3485: $? = 0
configure:3485: result: yes
configure:3485: checking for sys/stat.h
configure:3485: gcc -c -g -O2  conftest.c >&5
configure:3485: $? = 0
configure:3485: result: yes
configure:3485: checking for stdlib.h
configure:3485: gcc -c -g -O2  conftest.c >&5
configure:3485: $? = 0
configure:3485: result: yes
configure:3485: checking for string.h
configure:3485: gcc -c -g -O2  conftest.c >&5
configure:3485: $? = 0
configure:3485: result: yes
configure:3485: checking for memory.h
configure:3485: gcc -c -g -O2  conftest.c >&5
configure:3485: $? = 0
configure:3485: result: yes
configure:3485: checking for strings.h
configure:3485: gcc -c -g -O2  conftest.c >&5
configure:3485: $? = 0
configure:3485: result: yes
configure:3485: checking for inttypes.h
configure:3485: gcc -c -g -O2  conftest.c >&5
configure:3485: $? = 0
configure:3485: result: yes
configure:3485: checking for stdint.h
configure:3485: gcc -c -g -O2  conftest.c >&5
configure:3485: $? = 0
configure:3485: result: yes
configure:3485: checking for unistd.h
configure:3485: gcc -c -g -O2  conftest.c >&5
configure:3485: $? = 0
configure:3485: result: yes
configure:3500: checking fcntl.h usability
configure:3500: gcc -c -g -O2  conftest.c >&5
configure:3500: $? = 0
configure:3500: result: yes
configure:3500: checking fcntl.h presence
configure:3500: cpp  conftest.c
configure:3500: $? = 0
configure:3500: result: yes
configure:3500: checking for fcntl.h
configure:3500: result: yes
configure:3500: checking limits.h usability
configure:3500: gcc -c -g -O2  conftest.c >&5
configure:3500: $? = 0
configure:3500: result: yes
configure:3500: checking limits.h presence
configure:3500: cpp  conftest.c
configure:3500: $? = 0
configure:3500: result: yes
configure:3500: checking for limits.h
configure:3500: result: yes
configure:3500: checking malloc.h usability
configure:3500: gcc -c -g -O2  conftest.c >&5
configure:3500: $? = 0
configure:3500: result: yes
configure:3500: checking malloc.h presence
configure:3500: cpp  conftest.c
configure:3500: $? = 0
configure:3500: result: yes
configure:3500: checking for malloc.h
configure:3500: result: yes
configure:3511: checking for an ANSI C-conforming const
configure:3576: gcc -c -g -O2  conftest.c >&5
configure:3576: $? = 0
configure:3583: result: yes
configure:3591: checking whether struct tm is in sys/time.h or time.h
configure:3611: gcc -c -g -O2  conftest.c >&5
configure:3611: $? = 0
configure:3618: result: time.h
configure:3626: checking whether byte ordering is bigendian
configure:3641: gcc -c -g -O2  conftest.c >&5
conftest.c:23:9: error: unknown type name 'not'
conftest.c:23:15: error: expected '=', ',', ';', 'asm' or '__attribute__' before 'universal'
conftest.c:23:15: error: unknown type name 'universal'
configure:3641: $? = 1
configure: failed program was:
| /* confdefs.h */
| #define PACKAGE_NAME ""
| #define PACKAGE_TARNAME ""
| #define PACKAGE_VERSION ""
| #define PACKAGE_STRING ""
| #define PACKAGE_BUGREPORT ""
| #define PACKAGE_URL ""
| #define STDC_HEADERS 1
| #define HAVE_SYS_TYPES_H 1
| #define HAVE_SYS_STAT_H 1
| #define HAVE_STDLIB_H 1
| #define HAVE_STRING_H 1
| #define HAVE_MEMORY_H 1
| #define HAVE_STRINGS_H 1
| #define HAVE_INTTYPES_H 1
| #define HAVE_STDINT_H 1
| #define HAVE_UNISTD_H 1
| #define HAVE_FCNTL_H 1
| #define HAVE_LIMITS_H 1
| #define HAVE_MALLOC_H 1
| /* end confdefs.h.  */
| #ifndef __APPLE_CC__
| 	       not a universal capable compiler
| 	     #endif
| 	     typedef int dummy;
| 
configure:3686: gcc -c -g -O2  conftest.c >&5
configure:3686: $? = 0
configure:3704: gcc -c -g -O2  conftest.c >&5
conftest.c: In function 'main':
conftest.c:29:4: error: unknown type name 'not'
conftest.c:29:12: error: expected '=', ',', ';', 'asm' or '__attribute__' before 'endian'
configure:3704: $? = 1
configure: failed program was:
| /* confdefs.h */
| #define PACKAGE_NAME ""
| #define PACKAGE_TARNAME ""
| #define PACKAGE_VERSION ""
| #define PACKAGE_STRING ""
| #define PACKAGE_BUGREPORT ""
| #define PACKAGE_URL ""
| #define STDC_HEADERS 1
| #define HAVE_SYS_TYPES_H 1
| #define HAVE_SYS_STAT_H 1
| #define HAVE_STDLIB_H 1
| #define HAVE_STRING_H 1
| #define HAVE_MEMORY_H 1
| #define HAVE_STRINGS_H 1
| #define HAVE_INTTYPES_H 1
| #define HAVE_STDINT_H 1
| #define HAVE_UNISTD_H 1
| #define HAVE_FCNTL_H 1
| #define HAVE_LIMITS_H 1
| #define HAVE_MALLOC_H 1
| /* end confdefs.h.  */
| #include <sys/types.h>
| 		#include <sys/param.h>
| 
| int
| main ()
| {
| #if BYTE_ORDER != BIG_ENDIAN
| 		 not big endian
| 		#endif
| 
|   ;
|   return 0;
| }
configure:3832: result: no
configure:3852: checking whether gcc needs -traditional
configure:3886: result: no
configure:3893: checking for working memcmp
configure:3936: gcc -o conftest -g -O2   conftest.c  >&5
configure:3936: $? = 0
configure:3936: ./conftest
configure:3936: $? = 0
configure:3946: result: yes
configure:3962: checking return type of signal handlers
configure:3980: gcc -c -g -O2  conftest.c >&5
conftest.c: In function 'main':
conftest.c:28:1: error: void value not ignored as it ought to be
configure:3980: $? = 1
configure: failed program was:
| /* confdefs.h */
| #define PACKAGE_NAME ""
| #define PACKAGE_TARNAME ""
| #define PACKAGE_VERSION ""
| #define PACKAGE_STRING ""
| #define PACKAGE_BUGREPORT ""
| #define PACKAGE_URL ""
| #define STDC_HEADERS 1
| #define HAVE_SYS_TYPES_H 1
| #define HAVE_SYS_STAT_H 1
| #define HAVE_STDLIB_H 1
| #define HAVE_STRING_H 1
| #define HAVE_MEMORY_H 1
| #define HAVE_STRINGS_H 1
| #define HAVE_INTTYPES_H 1
| #define HAVE_STDINT_H 1
| #define HAVE_UNISTD_H 1
| #define HAVE_FCNTL_H 1
| #define HAVE_LIMITS_H 1
| #define HAVE_MALLOC_H 1
| /* end confdefs.h.  */
| #include <sys/types.h>
| #include <signal.h>
| 
| int
| main ()
| {
| return *(signal (0, 0)) (0) == 1;
|   ;
|   return 0;
| }
configure:3987: result: void
configure:3997: checking for vprintf
configure:3997: gcc -o conftest -g -O2   conftest.c  >&5
conftest.c:46:6: warning: conflicting types for built-in function 'vprintf' [enabled by default]
configure:3997: $? = 0
configure:3997: result: yes
configure:4003: checking for _doprnt
configure:4003: gcc -o conftest -g -O2   conftest.c  >&5
/tmp/ccAR9ePG.o: In function `main':
/usr/src/arj/gnu/conftest.c:58: undefined reference to `_doprnt'
collect2: ld returned 1 exit status
configure:4003: $? = 1
configure: failed program was:
| /* confdefs.h */
| #define PACKAGE_NAME ""
| #define PACKAGE_TARNAME ""
| #define PACKAGE_VERSION ""
| #define PACKAGE_STRING ""
| #define PACKAGE_BUGREPORT ""
| #define PACKAGE_URL ""
| #define STDC_HEADERS 1
| #define HAVE_SYS_TYPES_H 1
| #define HAVE_SYS_STAT_H 1
| #define HAVE_STDLIB_H 1
| #define HAVE_STRING_H 1
| #define HAVE_MEMORY_H 1
| #define HAVE_STRINGS_H 1
| #define HAVE_INTTYPES_H 1
| #define HAVE_STDINT_H 1
| #define HAVE_UNISTD_H 1
| #define HAVE_FCNTL_H 1
| #define HAVE_LIMITS_H 1
| #define HAVE_MALLOC_H 1
| #define RETSIGTYPE void
| #define HAVE_VPRINTF 1
| /* end confdefs.h.  */
| /* Define _doprnt to an innocuous variant, in case <limits.h> declares _doprnt.
|    For example, HP-UX 11i <limits.h> declares gettimeofday.  */
| #define _doprnt innocuous__doprnt
| 
| /* System header to define __stub macros and hopefully few prototypes,
|     which can conflict with char _doprnt (); below.
|     Prefer <limits.h> to <assert.h> if __STDC__ is defined, since
|     <limits.h> exists even on freestanding compilers.  */
| 
| #ifdef __STDC__
| # include <limits.h>
| #else
| # include <assert.h>
| #endif
| 
| #undef _doprnt
| 
| /* Override any GCC internal prototype to avoid an error.
|    Use char because int might match the return type of a GCC
|    builtin and then its argument prototype would still apply.  */
| #ifdef __cplusplus
| extern "C"
| #endif
| char _doprnt ();
| /* The GNU C library defines this for functions which it implements
|     to always fail with ENOSYS.  Some functions are actually named
|     something starting with __ and the normal name is an alias.  */
| #if defined __stub__doprnt || defined __stub____doprnt
| choke me
| #endif
| 
| int
| main ()
| {
| return _doprnt ();
|   ;
|   return 0;
| }
configure:4003: result: no
configure:4017: checking for getcwd
configure:4017: gcc -o conftest -g -O2   conftest.c  >&5
configure:4017: $? = 0
configure:4017: result: yes
configure:4017: checking for min
configure:4017: gcc -o conftest -g -O2   conftest.c  >&5
/tmp/cclCuvF8.o: In function `main':
/usr/src/arj/gnu/conftest.c:59: undefined reference to `min'
collect2: ld returned 1 exit status
configure:4017: $? = 1
configure: failed program was:
| /* confdefs.h */
| #define PACKAGE_NAME ""
| #define PACKAGE_TARNAME ""
| #define PACKAGE_VERSION ""
| #define PACKAGE_STRING ""
| #define PACKAGE_BUGREPORT ""
| #define PACKAGE_URL ""
| #define STDC_HEADERS 1
| #define HAVE_SYS_TYPES_H 1
| #define HAVE_SYS_STAT_H 1
| #define HAVE_STDLIB_H 1
| #define HAVE_STRING_H 1
| #define HAVE_MEMORY_H 1
| #define HAVE_STRINGS_H 1
| #define HAVE_INTTYPES_H 1
| #define HAVE_STDINT_H 1
| #define HAVE_UNISTD_H 1
| #define HAVE_FCNTL_H 1
| #define HAVE_LIMITS_H 1
| #define HAVE_MALLOC_H 1
| #define RETSIGTYPE void
| #define HAVE_VPRINTF 1
| #define HAVE_GETCWD 1
| /* end confdefs.h.  */
| /* Define min to an innocuous variant, in case <limits.h> declares min.
|    For example, HP-UX 11i <limits.h> declares gettimeofday.  */
| #define min innocuous_min
| 
| /* System header to define __stub macros and hopefully few prototypes,
|     which can conflict with char min (); below.
|     Prefer <limits.h> to <assert.h> if __STDC__ is defined, since
|     <limits.h> exists even on freestanding compilers.  */
| 
| #ifdef __STDC__
| # include <limits.h>
| #else
| # include <assert.h>
| #endif
| 
| #undef min
| 
| /* Override any GCC internal prototype to avoid an error.
|    Use char because int might match the return type of a GCC
|    builtin and then its argument prototype would still apply.  */
| #ifdef __cplusplus
| extern "C"
| #endif
| char min ();
| /* The GNU C library defines this for functions which it implements
|     to always fail with ENOSYS.  Some functions are actually named
|     something starting with __ and the normal name is an alias.  */
| #if defined __stub_min || defined __stub___min
| choke me
| #endif
| 
| int
| main ()
| {
| return min ();
|   ;
|   return 0;
| }
configure:4017: result: no
configure:4017: checking for max
configure:4017: gcc -o conftest -g -O2   conftest.c  >&5
/tmp/ccGxsr4i.o: In function `main':
/usr/src/arj/gnu/conftest.c:59: undefined reference to `max'
collect2: ld returned 1 exit status
configure:4017: $? = 1
configure: failed program was:
| /* confdefs.h */
| #define PACKAGE_NAME ""
| #define PACKAGE_TARNAME ""
| #define PACKAGE_VERSION ""
| #define PACKAGE_STRING ""
| #define PACKAGE_BUGREPORT ""
| #define PACKAGE_URL ""
| #define STDC_HEADERS 1
| #define HAVE_SYS_TYPES_H 1
| #define HAVE_SYS_STAT_H 1
| #define HAVE_STDLIB_H 1
| #define HAVE_STRING_H 1
| #define HAVE_MEMORY_H 1
| #define HAVE_STRINGS_H 1
| #define HAVE_INTTYPES_H 1
| #define HAVE_STDINT_H 1
| #define HAVE_UNISTD_H 1
| #define HAVE_FCNTL_H 1
| #define HAVE_LIMITS_H 1
| #define HAVE_MALLOC_H 1
| #define RETSIGTYPE void
| #define HAVE_VPRINTF 1
| #define HAVE_GETCWD 1
| /* end confdefs.h.  */
| /* Define max to an innocuous variant, in case <limits.h> declares max.
|    For example, HP-UX 11i <limits.h> declares gettimeofday.  */
| #define max innocuous_max
| 
| /* System header to define __stub macros and hopefully few prototypes,
|     which can conflict with char max (); below.
|     Prefer <limits.h> to <assert.h> if __STDC__ is defined, since
|     <limits.h> exists even on freestanding compilers.  */
| 
| #ifdef __STDC__
| # include <limits.h>
| #else
| # include <assert.h>
| #endif
| 
| #undef max
| 
| /* Override any GCC internal prototype to avoid an error.
|    Use char because int might match the return type of a GCC
|    builtin and then its argument prototype would still apply.  */
| #ifdef __cplusplus
| extern "C"
| #endif
| char max ();
| /* The GNU C library defines this for functions which it implements
|     to always fail with ENOSYS.  Some functions are actually named
|     something starting with __ and the normal name is an alias.  */
| #if defined __stub_max || defined __stub___max
| choke me
| #endif
| 
| int
| main ()
| {
| return max ();
|   ;
|   return 0;
| }
configure:4017: result: no
configure:4017: checking for mkdir
configure:4017: gcc -o conftest -g -O2   conftest.c  >&5
configure:4017: $? = 0
configure:4017: result: yes
configure:4017: checking for mkdtemp
configure:4017: gcc -o conftest -g -O2   conftest.c  >&5
configure:4017: $? = 0
configure:4017: result: yes
configure:4017: checking for rmdir
configure:4017: gcc -o conftest -g -O2   conftest.c  >&5
configure:4017: $? = 0
configure:4017: result: yes
configure:4017: checking for fcloseall
configure:4017: gcc -o conftest -g -O2   conftest.c  >&5
configure:4017: $? = 0
configure:4017: result: yes
configure:4017: checking for strcasecmp
configure:4017: gcc -o conftest -g -O2   conftest.c  >&5
conftest.c:52:6: warning: conflicting types for built-in function 'strcasecmp' [enabled by default]
configure:4017: $? = 0
configure:4017: result: yes
configure:4017: checking for setpriority
configure:4017: gcc -o conftest -g -O2   conftest.c  >&5
configure:4017: $? = 0
configure:4017: result: yes
configure:4017: checking for strdup
configure:4017: gcc -o conftest -g -O2   conftest.c  >&5
conftest.c:54:6: warning: conflicting types for built-in function 'strdup' [enabled by default]
configure:4017: $? = 0
configure:4017: result: yes
configure:4017: checking for strerror
configure:4017: gcc -o conftest -g -O2   conftest.c  >&5
configure:4017: $? = 0
configure:4017: result: yes
configure:4017: checking for strstr
configure:4017: gcc -o conftest -g -O2   conftest.c  >&5
conftest.c:56:6: warning: conflicting types for built-in function 'strstr' [enabled by default]
configure:4017: $? = 0
configure:4017: result: yes
configure:4017: checking for strupr
configure:4017: gcc -o conftest -g -O2   conftest.c  >&5
/tmp/ccdgdXHx.o: In function `main':
/usr/src/arj/gnu/conftest.c:68: undefined reference to `strupr'
collect2: ld returned 1 exit status
configure:4017: $? = 1
configure: failed program was:
| /* confdefs.h */
| #define PACKAGE_NAME ""
| #define PACKAGE_TARNAME ""
| #define PACKAGE_VERSION ""
| #define PACKAGE_STRING ""
| #define PACKAGE_BUGREPORT ""
| #define PACKAGE_URL ""
| #define STDC_HEADERS 1
| #define HAVE_SYS_TYPES_H 1
| #define HAVE_SYS_STAT_H 1
| #define HAVE_STDLIB_H 1
| #define HAVE_STRING_H 1
| #define HAVE_MEMORY_H 1
| #define HAVE_STRINGS_H 1
| #define HAVE_INTTYPES_H 1
| #define HAVE_STDINT_H 1
| #define HAVE_UNISTD_H 1
| #define HAVE_FCNTL_H 1
| #define HAVE_LIMITS_H 1
| #define HAVE_MALLOC_H 1
| #define RETSIGTYPE void
| #define HAVE_VPRINTF 1
| #define HAVE_GETCWD 1
| #define HAVE_MKDIR 1
| #define HAVE_MKDTEMP 1
| #define HAVE_RMDIR 1
| #define HAVE_FCLOSEALL 1
| #define HAVE_STRCASECMP 1
| #define HAVE_SETPRIORITY 1
| #define HAVE_STRDUP 1
| #define HAVE_STRERROR 1
| #define HAVE_STRSTR 1
| /* end confdefs.h.  */
| /* Define strupr to an innocuous variant, in case <limits.h> declares strupr.
|    For example, HP-UX 11i <limits.h> declares gettimeofday.  */
| #define strupr innocuous_strupr
| 
| /* System header to define __stub macros and hopefully few prototypes,
|     which can conflict with char strupr (); below.
|     Prefer <limits.h> to <assert.h> if __STDC__ is defined, since
|     <limits.h> exists even on freestanding compilers.  */
| 
| #ifdef __STDC__
| # include <limits.h>
| #else
| # include <assert.h>
| #endif
| 
| #undef strupr
| 
| /* Override any GCC internal prototype to avoid an error.
|    Use char because int might match the return type of a GCC
|    builtin and then its argument prototype would still apply.  */
| #ifdef __cplusplus
| extern "C"
| #endif
| char strupr ();
| /* The GNU C library defines this for functions which it implements
|     to always fail with ENOSYS.  Some functions are actually named
|     something starting with __ and the normal name is an alias.  */
| #if defined __stub_strupr || defined __stub___strupr
| choke me
| #endif
| 
| int
| main ()
| {
| return strupr ();
|   ;
|   return 0;
| }
configure:4017: result: no
configure:4017: checking for strlwr
configure:4017: gcc -o conftest -g -O2   conftest.c  >&5
/tmp/ccJTeFNF.o: In function `main':
/usr/src/arj/gnu/conftest.c:68: undefined reference to `strlwr'
collect2: ld returned 1 exit status
configure:4017: $? = 1
configure: failed program was:
| /* confdefs.h */
| #define PACKAGE_NAME ""
| #define PACKAGE_TARNAME ""
| #define PACKAGE_VERSION ""
| #define PACKAGE_STRING ""
| #define PACKAGE_BUGREPORT ""
| #define PACKAGE_URL ""
| #define STDC_HEADERS 1
| #define HAVE_SYS_TYPES_H 1
| #define HAVE_SYS_STAT_H 1
| #define HAVE_STDLIB_H 1
| #define HAVE_STRING_H 1
| #define HAVE_MEMORY_H 1
| #define HAVE_STRINGS_H 1
| #define HAVE_INTTYPES_H 1
| #define HAVE_STDINT_H 1
| #define HAVE_UNISTD_H 1
| #define HAVE_FCNTL_H 1
| #define HAVE_LIMITS_H 1
| #define HAVE_MALLOC_H 1
| #define RETSIGTYPE void
| #define HAVE_VPRINTF 1
| #define HAVE_GETCWD 1
| #define HAVE_MKDIR 1
| #define HAVE_MKDTEMP 1
| #define HAVE_RMDIR 1
| #define HAVE_FCLOSEALL 1
| #define HAVE_STRCASECMP 1
| #define HAVE_SETPRIORITY 1
| #define HAVE_STRDUP 1
| #define HAVE_STRERROR 1
| #define HAVE_STRSTR 1
| /* end confdefs.h.  */
| /* Define strlwr to an innocuous variant, in case <limits.h> declares strlwr.
|    For example, HP-UX 11i <limits.h> declares gettimeofday.  */
| #define strlwr innocuous_strlwr
| 
| /* System header to define __stub macros and hopefully few prototypes,
|     which can conflict with char strlwr (); below.
|     Prefer <limits.h> to <assert.h> if __STDC__ is defined, since
|     <limits.h> exists even on freestanding compilers.  */
| 
| #ifdef __STDC__
| # include <limits.h>
| #else
| # include <assert.h>
| #endif
| 
| #undef strlwr
| 
| /* Override any GCC internal prototype to avoid an error.
|    Use char because int might match the return type of a GCC
|    builtin and then its argument prototype would still apply.  */
| #ifdef __cplusplus
| extern "C"
| #endif
| char strlwr ();
| /* The GNU C library defines this for functions which it implements
|     to always fail with ENOSYS.  Some functions are actually named
|     something starting with __ and the normal name is an alias.  */
| #if defined __stub_strlwr || defined __stub___strlwr
| choke me
| #endif
| 
| int
| main ()
| {
| return strlwr ();
|   ;
|   return 0;
| }
configure:4017: result: no
configure:4017: checking for strtol
configure:4017: gcc -o conftest -g -O2   conftest.c  >&5
configure:4017: $? = 0
configure:4017: result: yes
configure:4017: checking for strtoul
configure:4017: gcc -o conftest -g -O2   conftest.c  >&5
configure:4017: $? = 0
configure:4017: result: yes
configure:4123: checking if dynamic C library may be used
configure:4138: result: yes
configure:4144: checking if SFX executables may be packed
configure:4153: result: yes
configure:4159: checking what to use as a dedicated output directory
configure:4168: result: linux-gnu
configure:4172: checking fnmatch() tolerance to incomplete patterns acting as filenames
configure:4187: gcc -o conftest -g -O2   conftest.c  >&5
configure:4187: $? = 0
configure:4187: ./conftest
configure:4187: $? = 0
configure:4201: result: yes
configure:4204: checking if color output is demanded
configure:4213: result: no
configure:4355: creating ./config.status

## ---------------------- ##
## Running config.status. ##
## ---------------------- ##

This file was extended by config.status, which was
generated by GNU Autoconf 2.68.  Invocation command line was

  CONFIG_FILES    = 
  CONFIG_HEADERS  = 
  CONFIG_LINKS    = 
  CONFIG_COMMANDS = 
  $ ./config.status 

on compile51

config.status:860: creating ../GNUmakefile
config.status:963: WARNING:  'makefile.in' seems to ignore the --datarootdir setting
config.status:860: creating ../c_defs.h
configure:5527: WARNING: unrecognized options: --enable-shared, --disable-static

## ---------------- ##
## Cache variables. ##
## ---------------- ##

ac_cv_build=i686-pc-linux-gnu
ac_cv_c_bigendian=no
ac_cv_c_compiler_gnu=yes
ac_cv_c_const=yes
ac_cv_env_CC_set=set
ac_cv_env_CC_value=gcc
ac_cv_env_CFLAGS_set=
ac_cv_env_CFLAGS_value=
ac_cv_env_CPPFLAGS_set=
ac_cv_env_CPPFLAGS_value=
ac_cv_env_CPP_set=set
ac_cv_env_CPP_value=cpp
ac_cv_env_LDFLAGS_set=
ac_cv_env_LDFLAGS_value=
ac_cv_env_LIBS_set=
ac_cv_env_LIBS_value=
ac_cv_env_build_alias_set=
ac_cv_env_build_alias_value=
ac_cv_env_host_alias_set=
ac_cv_env_host_alias_value=
ac_cv_env_target_alias_set=
ac_cv_env_target_alias_value=
ac_cv_func__doprnt=no
ac_cv_func_fcloseall=yes
ac_cv_func_getcwd=yes
ac_cv_func_max=no
ac_cv_func_memcmp_working=yes
ac_cv_func_min=no
ac_cv_func_mkdir=yes
ac_cv_func_mkdtemp=yes
ac_cv_func_rmdir=yes
ac_cv_func_setpriority=yes
ac_cv_func_setvbuf_reversed=no
ac_cv_func_strcasecmp=yes
ac_cv_func_strdup=yes
ac_cv_func_strerror=yes
ac_cv_func_strlwr=no
ac_cv_func_strstr=yes
ac_cv_func_strtol=yes
ac_cv_func_strtoul=yes
ac_cv_func_strupr=no
ac_cv_func_vprintf=yes
ac_cv_header_fcntl_h=yes
ac_cv_header_inttypes_h=yes
ac_cv_header_limits_h=yes
ac_cv_header_malloc_h=yes
ac_cv_header_memory_h=yes
ac_cv_header_stdc=yes
ac_cv_header_stdint_h=yes
ac_cv_header_stdlib_h=yes
ac_cv_header_string_h=yes
ac_cv_header_strings_h=yes
ac_cv_header_sys_stat_h=yes
ac_cv_header_sys_types_h=yes
ac_cv_header_unistd_h=yes
ac_cv_host=i686-pc-linux-gnu
ac_cv_objext=o
ac_cv_path_EGREP='/usr/bin/grep -E'
ac_cv_path_GREP=/usr/bin/grep
ac_cv_path_install='/usr/bin/install -c'
ac_cv_prog_CPP=cpp
ac_cv_prog_ac_ct_CC=gcc
ac_cv_prog_cc_c89=
ac_cv_prog_cc_g=yes
ac_cv_prog_gcc_traditional=no
ac_cv_struct_tm=time.h
ac_cv_type_signal=void

## ----------------- ##
## Output variables. ##
## ----------------- ##

CC='gcc'
CFLAGS='-g -O2'
CONFIG_SHELL='/bin/sh'
CPP='cpp'
CPPFLAGS=''
DEFS='-DHAVE_CONFIG_H'
DLL_CFLAGS='-fPIC'
DLL_EXT='.so'
DLL_FLAGS='-shared'
DYN_LIBS='-ldl'
ECHO_C=''
ECHO_N='-n'
ECHO_T=''
EGREP='/usr/bin/grep -E'
EXEEXT=''
GREP='/usr/bin/grep'
HAVE_FCLOSEALL=''
HAVE_MKDTEMP=''
HAVE_SETPRIORITY=''
HAVE_STRCASECMP=''
HAVE_STRLWR=''
HAVE_STRUPR=''
INSTALL_DATA='${INSTALL} -m 644'
INSTALL_PROGRAM='${INSTALL}'
INSTALL_SCRIPT='${INSTALL}'
LDFLAGS=''
LD_STRIP='gnu/stripgcc.lnk'
LIBOBJS=''
LIBS=''
LTLIBOBJS=''
OBJEXT='o'
OS_DEF='-D_UNIX'
OS_ID='UNIX'
OUT_DIR='linux-gnu'
PACKAGE_BUGREPORT=''
PACKAGE_NAME=''
PACKAGE_STRING=''
PACKAGE_TARNAME=''
PACKAGE_URL=''
PACKAGE_VERSION=''
PATH_SEPARATOR=':'
PROG_EXT=''
REGISTER='arj-register'
REQUIRES_DEF=''
SHELL='/bin/sh'
TOLERANT_FNMATCH='yes'
ac_ct_CC='gcc'
bindir='${exec_prefix}/bin'
build='i686-pc-linux-gnu'
build_alias=''
build_cpu='i686'
build_os='linux-gnu'
build_vendor='pc'
datadir='${datarootdir}'
datarootdir='${prefix}/share'
docdir='${datarootdir}/doc/${PACKAGE}'
dvidir='${docdir}'
exec_prefix='${prefix}'
host='i686-pc-linux-gnu'
host_alias=''
host_cpu='i686'
host_os='linux-gnu'
host_vendor='pc'
htmldir='${docdir}'
includedir='${prefix}/include'
infodir='${datarootdir}/info'
libdir='${exec_prefix}/lib'
libexecdir='${exec_prefix}/libexec'
localedir='${datarootdir}/locale'
localstatedir='${prefix}/var'
mandir='${datarootdir}/man'
oldincludedir='/usr/include'
pdfdir='${docdir}'
prefix='/usr'
program_transform_name='s,x,x,'
psdir='${docdir}'
sbindir='${exec_prefix}/sbin'
sharedstatedir='${prefix}/com'
sysconfdir='${prefix}/etc'
target_alias=''

## ----------- ##
## confdefs.h. ##
## ----------- ##

/* confdefs.h */
#define PACKAGE_NAME ""
#define PACKAGE_TARNAME ""
#define PACKAGE_VERSION ""
#define PACKAGE_STRING ""
#define PACKAGE_BUGREPORT ""
#define PACKAGE_URL ""
#define STDC_HEADERS 1
#define HAVE_SYS_TYPES_H 1
#define HAVE_SYS_STAT_H 1
#define HAVE_STDLIB_H 1
#define HAVE_STRING_H 1
#define HAVE_MEMORY_H 1
#define HAVE_STRINGS_H 1
#define HAVE_INTTYPES_H 1
#define HAVE_STDINT_H 1
#define HAVE_UNISTD_H 1
#define HAVE_FCNTL_H 1
#define HAVE_LIMITS_H 1
#define HAVE_MALLOC_H 1
#define RETSIGTYPE void
#define HAVE_VPRINTF 1
#define HAVE_GETCWD 1
#define HAVE_MKDIR 1
#define HAVE_MKDTEMP 1
#define HAVE_RMDIR 1
#define HAVE_FCLOSEALL 1
#define HAVE_STRCASECMP 1
#define HAVE_SETPRIORITY 1
#define HAVE_STRDUP 1
#define HAVE_STRERROR 1
#define HAVE_STRSTR 1
#define HAVE_STRTOL 1
#define HAVE_STRTOUL 1
#define ELF_EXECUTABLES 1
#define LIBC 1
#define TOLERANT_FNMATCH 1

configure: exit 0
